{"name": "test_allure_failed", "status": "failed", "statusDetails": {"message": "AssertionError: Expected text not found\nassert 'Invalid abc' in 'Invalid credentials'\n +  where 'Invalid credentials' = <selenium.webdriver.remote.webelement.WebElement (session=\"6ce0e58b5576490e0501215e545778d0\", element=\"f.95208698D9FC4C2F8D9AAEF9D1FF7321.d.3EE1AF0F24B165C4C03D63B5D9ED110B.e.41\")>.text", "trace": "self = <tests.test_login.Test_LoginPage object at 0x0000027A845835D0>\n\n    @allure.story(\"Test chụp hình allure khi element không có\")\n    @allure.severity(allure.severity_level.CRITICAL)\n    def test_allure_failed(self):  # driver là fixture WebDriver\n        login_page = LoginPage(self.driver)\n        try:\n            login_page.do_login(ConfigReader.get_username(), ConfigReader.get_password1())\n            error_locator = (By.XPATH, \"//p[contains(@class,'oxd-alert-content-text')]\")\n            error_element = WebDriverWait(self.driver, 3).until(\n                EC.visibility_of_element_located(error_locator)\n            )\n            assert \"Invalid abc\" in error_element.text, \"Expected text not found\"\n        except Exception as e:\n            with allure.step(\"Capture screenshot on failure\"):\n                allure.attach(\n                    self.driver.get_screenshot_as_png(),\n                    name=\"Screenshot_on_Failure\",\n                    attachment_type=allure.attachment_type.PNG\n                )\n>           raise e\n\ntests\\test_login.py:36: \n_ _ _ _ _ _ _ _ _ _ _ _ _ _ _ _ _ _ _ _ _ _ _ _ _ _ _ _ _ _ _ _ _ _ _ _ _ _ _ _ _ _ _ _ _ _ _ _ _ _ _ _ _ _ _ _ _\n\nself = <tests.test_login.Test_LoginPage object at 0x0000027A845835D0>\n\n    @allure.story(\"Test chụp hình allure khi element không có\")\n    @allure.severity(allure.severity_level.CRITICAL)\n    def test_allure_failed(self):  # driver là fixture WebDriver\n        login_page = LoginPage(self.driver)\n        try:\n            login_page.do_login(ConfigReader.get_username(), ConfigReader.get_password1())\n            error_locator = (By.XPATH, \"//p[contains(@class,'oxd-alert-content-text')]\")\n            error_element = WebDriverWait(self.driver, 3).until(\n                EC.visibility_of_element_located(error_locator)\n            )\n>           assert \"Invalid abc\" in error_element.text, \"Expected text not found\"\nE           AssertionError: Expected text not found\nE           assert 'Invalid abc' in 'Invalid credentials'\nE            +  where 'Invalid credentials' = <selenium.webdriver.remote.webelement.WebElement (session=\"6ce0e58b5576490e0501215e545778d0\", element=\"f.95208698D9FC4C2F8D9AAEF9D1FF7321.d.3EE1AF0F24B165C4C03D63B5D9ED110B.e.41\")>.text\n\ntests\\test_login.py:28: AssertionError"}, "steps": [{"name": "Capture screenshot on failure", "status": "passed", "attachments": [{"name": "Screenshot_on_Failure", "source": "55a4fa67-8237-4095-98c7-db9989def482-attachment.png", "type": "image/png"}], "start": 1752594481323, "stop": 1752594481396}], "start": 1752594475649, "stop": 1752594481396, "uuid": "e56aa141-f616-431a-a453-bddc8dcfb20c", "historyId": "9599f26b3b90cef3b797edbd2bfd6425", "testCaseId": "9599f26b3b90cef3b797edbd2bfd6425", "fullName": "tests.test_login.Test_LoginPage#test_allure_failed", "labels": [{"name": "severity", "value": "critical"}, {"name": "story", "value": "Test chụp hình allure khi element không có"}, {"name": "parentSuite", "value": "tests"}, {"name": "suite", "value": "test_login"}, {"name": "subSuite", "value": "Test_LoginPage"}, {"name": "host", "value": "DESKTOP-4R35UFV"}, {"name": "thread", "value": "35436-MainThread"}, {"name": "framework", "value": "pytest"}, {"name": "language", "value": "cpython3"}, {"name": "package", "value": "tests.test_login"}]}